npm warn Unknown project config "shamefully-hoist". This will stop working in the next major version of npm. See `npm help npmrc` for supported config options.
Retrieving project…
Deploying karan-aggarwals-projects/smart-pantry-web
Uploading [--------------------] (0.0B/6KB)
Uploading [====================] (6.0KB/6KB)
Inspect: https://vercel.com/karan-aggarwals-projects/smart-pantry-web/FuRArrDnqh775iMNEaVG89SWNCBH [3s]
Production: https://smart-pantry-arxaywd1c-karan-aggarwals-projects.vercel.app [3s]
https://smart-pantry-arxaywd1c-karan-aggarwals-projects.vercel.appBuilding...
Building: Running build in Washington, D.C., USA (East) – iad1
Building: Build machine configuration: 2 cores, 8 GB
Building: Build machine configuration: 2 cores, 8 GB
Building: Retrieving list of deployment files...
Building: Previous build caches not available.
Building: Downloading 86 deployment files...
Building: Running "vercel build"
Building: Vercel CLI 51.6.1
Building: Detected `pnpm-lock.yaml` 9 which may be generated by pnpm@9.x or pnpm@10.x
Building: Using pnpm@10.x based on project creation date
Building: To use pnpm@9.x, manually opt in using corepack (https://vercel.com/docs/deployments/configure-a-build#corepack)
Building: Installing dependencies...
Building: Lockfile is up to date, resolution step is skipped
Building: Progress: resolved 1, reused 0, downloaded 0, added 0
Building: Packages: +696
Building: ++++++++++++++++++++++++++++++++++++++++++++++++++++++++++++++++++++++++++++++++
Building: Progress: resolved 696, reused 0, downloaded 19, added 4
Building: Progress: resolved 696, reused 0, downloaded 93, added 32
Building: Progress: resolved 696, reused 0, downloaded 188, added 69
Building: Progress: resolved 696, reused 0, downloaded 198, added 73
Building: Progress: resolved 696, reused 0, downloaded 199, added 73
Building: Progress: resolved 696, reused 0, downloaded 262, added 93
Building: Progress: resolved 696, reused 0, downloaded 315, added 115
Building: Progress: resolved 696, reused 0, downloaded 440, added 159
Building: Progress: resolved 696, reused 0, downloaded 514, added 188
Building: Progress: resolved 696, reused 0, downloaded 553, added 198
Building: Progress: resolved 696, reused 0, downloaded 576, added 206
Building: Progress: resolved 696, reused 0, downloaded 663, added 234
Building: Progress: resolved 696, reused 0, downloaded 696, added 387
Building: Progress: resolved 696, reused 0, downloaded 696, added 614
Building: Progress: resolved 696, reused 0, downloaded 696, added 696, done
Building: dependencies:
Building: + @base-ui/react 1.4.1
Building: + @ericblade/quagga2 1.12.1
Building: + @supabase/ssr 0.10.2
Building: + @supabase/supabase-js 3.0.0-next.7
Building: + class-variance-authority 0.7.1
Building: + clsx 2.1.1
Building: + cmdk 1.1.1
Building: + cohere-ai 7.21.0
Building: + framer-motion 11.18.2
Building: + leaflet 1.9.4
Building: + lucide-react 0.344.0
Building: + next 16.2.4
Building: + next-themes 0.4.6
Building: + react 18.3.1
Building: + react-dom 18.3.1
Building: + react-leaflet 5.0.0
Building: + react-markdown 10.1.0
Building: + recharts 3.8.1
Building: + shadcn 4.5.0
Building: + sonner 2.0.7
Building: + tailwind-merge 3.5.0
Building: devDependencies:
Building: + @types/leaflet 1.9.21
Building: + @types/node 20.19.39
Building: + @types/react 18.3.28
Building: + @types/react-dom 18.3.7
Building: + autoprefixer 10.5.0
Building: + postcss 8.5.10
Building: + tailwindcss 3.4.19
Building: + tailwindcss-animate 1.0.7
Building: + typescript 5.9.3
Building: ╭ Warning ─────────────────────────────────────────────────────────────────────╮
Building: │                                                                              │
Building: │   Ignored build scripts: msw@2.13.6, sharp@0.34.5.                           │
Building: │   Run "pnpm approve-builds" to pick which dependencies should be allowed     │
Building: │   to run scripts.                                                            │
Building: │                                                                              │
Building: ╰──────────────────────────────────────────────────────────────────────────────╯
Building: Done in 15.7s using pnpm v10.28.0
Building: Detected Next.js version: 16.2.4
Building: Running "pnpm run build"
Building: > smart-pantry-web@1.0.0 build /vercel/path0
Building: > next build
Building: Applying modifyConfig from Vercel
Building: Attention: Next.js now collects completely anonymous telemetry regarding usage.
Building: This information is used to shape Next.js' roadmap and prioritize features.
Building: You can learn more, including how to opt-out if you'd not like to participate in this anonymous program, by visiting the following URL:
Building: https://nextjs.org/telemetry
Building: ▲ Next.js 16.2.4 (Turbopack)
Building: Creating an optimized production build ...
Building: ✓ Compiled successfully in 25.4s
Building: Running TypeScript ...
Building: Finished TypeScript in 8.1s ...
Building: Collecting page data using 1 worker ...
Building: Generating static pages using 1 worker (0/23) ...
Building: Generating static pages using 1 worker (5/23)
Building: Generating static pages using 1 worker (11/23)
Building: Generating static pages using 1 worker (17/23)
Building: ✓ Generating static pages using 1 worker (23/23) in 458ms
Building: Finalizing page optimization ...
Building: Running onBuildComplete from Vercel
Building: Route (app)
Building: ┌ ○ /
Building: ├ ○ /_not-found
Building: ├ ƒ /api/chat
Building: ├ ƒ /api/detection/confirm
Building: ├ ƒ /api/detections
Building: ├ ƒ /api/diet
Building: ├ ƒ /api/donate
Building: ├ ƒ /api/health
Building: ├ ƒ /api/health/history
Building: ├ ƒ /api/nutrition
Building: ├ ƒ /api/nutrition/aggregate
Building: ├ ƒ /api/pantry
Building: ├ ƒ /api/pantry/[id]
Building: ├ ○ /chatbot
Building: ├ ○ /dashboard
Building: ├ ƒ /dashboard/item/[id]
Building: ├ ○ /diet
Building: ├ ○ /donate
Building: ├ ○ /health
Building: ├ ○ /login
Building: ├ ○ /nutrition
Building: ├ ○ /register
Building: ├ ○ /settings
Building: └ ○ /waste
Building: ƒ Proxy (Middleware)
Building: ○  (Static)   prerendered as static content
Building: ƒ  (Dynamic)  server-rendered on demand
Building: Build Completed in /vercel/output [53s]
Building: Deploying outputs...
Building: Deployment completed
Building: Creating build cache...
[2K[1A[2K[GProduction: https://smart-pantry-arxaywd1c-karan-aggarwals-projects.vercel.app [1m]
Completing...
Aliased: https://smart-pantry-web.vercel.app [1m]

Common next commands:
- `vercel inspect smart-pantry-arxaywd1c-karan-aggarwals-projects.vercel.app --logs`
- `vercel redeploy smart-pantry-arxaywd1c-karan-aggarwals-projects.vercel.app`
