npm warn Unknown project config "shamefully-hoist". This will stop working in the next major version of npm. See `npm help npmrc` for supported config options.
Retrieving project…
Deploying karan-aggarwals-projects/smart-pantry-web
Uploading [--------------------] (0.0B/234B)
Uploading [====================] (234.0B/234B)
Inspect: https://vercel.com/karan-aggarwals-projects/smart-pantry-web/5naju83xcFurA6Qomf3vKpBq9xWP [4s]
Production: https://smart-pantry-kks558wkf-karan-aggarwals-projects.vercel.app [4s]
https://smart-pantry-kks558wkf-karan-aggarwals-projects.vercel.appBuilding...
Building: Running build in Washington, D.C., USA (East) – iad1
Building: Build machine configuration: 2 cores, 8 GB
Building: Build machine configuration: 2 cores, 8 GB
Building: Retrieving list of deployment files...
Building: Previous build caches not available.
Building: Downloading 85 deployment files...
Building: Running "vercel build"
Building: Vercel CLI 51.6.1
Building: Detected `pnpm-lock.yaml` 9 which may be generated by pnpm@9.x or pnpm@10.x
Building: Using pnpm@10.x based on project creation date
Building: To use pnpm@9.x, manually opt in using corepack (https://vercel.com/docs/deployments/configure-a-build#corepack)
Building: Installing dependencies...
Building: Lockfile is up to date, resolution step is skipped
Building: Progress: resolved 1, reused 0, downloaded 0, added 0
Building: Packages: +696
Building: ++++++++++++++++++++++++++++++++++++++++++++++++++++++++++++++++++++++++++++++++
Building: Progress: resolved 696, reused 0, downloaded 16, added 0
Building: Progress: resolved 696, reused 0, downloaded 87, added 28
Building: Progress: resolved 696, reused 0, downloaded 190, added 66
Building: Progress: resolved 696, reused 0, downloaded 201, added 70
Building: Progress: resolved 696, reused 0, downloaded 202, added 70
Building: Progress: resolved 696, reused 0, downloaded 246, added 85
Building: Progress: resolved 696, reused 0, downloaded 322, added 113
Building: Progress: resolved 696, reused 0, downloaded 453, added 162
Building: Progress: resolved 696, reused 0, downloaded 544, added 190
Building: Progress: resolved 696, reused 0, downloaded 576, added 201
Building: Progress: resolved 696, reused 0, downloaded 621, added 215
Building: Progress: resolved 696, reused 0, downloaded 696, added 322
Building: Progress: resolved 696, reused 0, downloaded 696, added 510
Building: Progress: resolved 696, reused 0, downloaded 696, added 696, done
Building: dependencies:
Building: + @base-ui/react 1.4.1
Building: + @ericblade/quagga2 1.12.1
Building: + @supabase/ssr 0.10.2
Building: + @supabase/supabase-js 3.0.0-next.7
Building: + class-variance-authority 0.7.1
Building: + clsx 2.1.1
Building: + cmdk 1.1.1
Building: + cohere-ai 7.21.0
Building: + framer-motion 11.18.2
Building: + leaflet 1.9.4
Building: + lucide-react 0.344.0
Building: + next 16.2.4
Building: + next-themes 0.4.6
Building: + react 18.3.1
Building: + react-dom 18.3.1
Building: + react-leaflet 5.0.0
Building: + react-markdown 10.1.0
Building: + recharts 3.8.1
Building: + shadcn 4.5.0
Building: + sonner 2.0.7
Building: + tailwind-merge 3.5.0
Building: devDependencies:
Building: + @types/leaflet 1.9.21
Building: + @types/node 20.19.39
Building: + @types/react 18.3.28
Building: + @types/react-dom 18.3.7
Building: + autoprefixer 10.5.0
Building: + postcss 8.5.10
Building: + tailwindcss 3.4.19
Building: + tailwindcss-animate 1.0.7
Building: + typescript 5.9.3
Building: ╭ Warning ─────────────────────────────────────────────────────────────────────╮
Building: │                                                                              │
Building: │   Ignored build scripts: msw@2.13.6, sharp@0.34.5.                           │
Building: │   Run "pnpm approve-builds" to pick which dependencies should be allowed     │
Building: │   to run scripts.                                                            │
Building: │                                                                              │
Building: ╰──────────────────────────────────────────────────────────────────────────────╯
Building: Done in 15.4s using pnpm v10.28.0
Building: Detected Next.js version: 16.2.4
Building: Running "pnpm run build"
Building: > smart-pantry-web@1.0.0 build /vercel/path0
Building: > next build
Building: Applying modifyConfig from Vercel
Building: Attention: Next.js now collects completely anonymous telemetry regarding usage.
Building: This information is used to shape Next.js' roadmap and prioritize features.
Building: You can learn more, including how to opt-out if you'd not like to participate in this anonymous program, by visiting the following URL:
Building: https://nextjs.org/telemetry
Building: ▲ Next.js 16.2.4 (Turbopack)
Building: Creating an optimized production build ...
Building: ✓ Compiled successfully in 25.4s
Building: Running TypeScript ...
Building: Finished TypeScript in 8.7s ...
Building: Collecting page data using 1 worker ...
Building: Error: supabaseUrl is required.
Building: at module evaluation (.next/server/chunks/[root-of-the-server]__0dxlhoe._.js:1:3988)
Building: at instantiateModule (.next/server/chunks/[turbopack]_runtime.js:853:9)
Building: at instantiateRuntimeModule (.next/server/chunks/[turbopack]_runtime.js:882:12)
Building: at getOrInstantiateRuntimeModule (.next/server/chunks/[turbopack]_runtime.js:895:12)
Building: at Object.m (.next/server/chunks/[turbopack]_runtime.js:898:18)
Building: at Object.<anonymous> (.next/server/app/api/chat/route.js:10:3)
Building: > Build error occurred
Building: Error: Failed to collect page data for /api/chat
Building: at ignore-listed frames {
Building: type: 'Error'
Building: }
Building: ELIFECYCLE  Command failed with exit code 1.
Building: Error: Command "pnpm run build" exited with 1
Error: Command "pnpm run build" exited with 1
